{"/home/tkdgolden/springboard/node-fundamentals/express-biztime/app.js": {"path":"/home/tkdgolden/springboard/node-fundamentals/express-biztime/app.js","statementMap":{"0":{"start":{"line":4,"column":16},"end":{"line":4,"column":34}},"1":{"start":{"line":6,"column":12},"end":{"line":6,"column":21}},"2":{"start":{"line":7,"column":24},"end":{"line":7,"column":53}},"3":{"start":{"line":8,"column":23},"end":{"line":8,"column":51}},"4":{"start":{"line":9,"column":21},"end":{"line":9,"column":46}},"5":{"start":{"line":11,"column":0},"end":{"line":11,"column":24}},"6":{"start":{"line":13,"column":0},"end":{"line":13,"column":39}},"7":{"start":{"line":14,"column":0},"end":{"line":14,"column":37}},"8":{"start":{"line":19,"column":0},"end":{"line":22,"column":3}},"9":{"start":{"line":20,"column":14},"end":{"line":20,"column":53}},"10":{"start":{"line":21,"column":2},"end":{"line":21,"column":19}},"11":{"start":{"line":26,"column":0},"end":{"line":33,"column":3}},"12":{"start":{"line":27,"column":2},"end":{"line":27,"column":32}},"13":{"start":{"line":29,"column":2},"end":{"line":32,"column":5}},"14":{"start":{"line":36,"column":0},"end":{"line":36,"column":21}}},"fnMap":{"0":{"name":"(anonymous_0)","decl":{"start":{"line":19,"column":8},"end":{"line":19,"column":9}},"loc":{"start":{"line":19,"column":33},"end":{"line":22,"column":1}},"line":19},"1":{"name":"(anonymous_1)","decl":{"start":{"line":26,"column":8},"end":{"line":26,"column":9}},"loc":{"start":{"line":26,"column":33},"end":{"line":33,"column":1}},"line":26}},"branchMap":{"0":{"loc":{"start":{"line":27,"column":13},"end":{"line":27,"column":30}},"type":"binary-expr","locations":[{"start":{"line":27,"column":13},"end":{"line":27,"column":23}},{"start":{"line":27,"column":27},"end":{"line":27,"column":30}}],"line":27}},"s":{"0":1,"1":1,"2":1,"3":1,"4":1,"5":1,"6":1,"7":1,"8":1,"9":0,"10":0,"11":1,"12":6,"13":6,"14":1},"f":{"0":0,"1":6},"b":{"0":[6,0]},"_coverageSchema":"1a1c01bbd47fc00a2c39e90264f33305004495a9","hash":"d6f00bef343419462338fdafa6ed14a900629155"}
,"/home/tkdgolden/springboard/node-fundamentals/express-biztime/db.js": {"path":"/home/tkdgolden/springboard/node-fundamentals/express-biztime/db.js","statementMap":{"0":{"start":{"line":3,"column":19},"end":{"line":3,"column":32}},"1":{"start":{"line":7,"column":0},"end":{"line":11,"column":1}},"2":{"start":{"line":8,"column":2},"end":{"line":8,"column":40}},"3":{"start":{"line":10,"column":2},"end":{"line":10,"column":35}},"4":{"start":{"line":13,"column":9},"end":{"line":15,"column":2}},"5":{"start":{"line":17,"column":0},"end":{"line":17,"column":13}},"6":{"start":{"line":19,"column":0},"end":{"line":19,"column":20}}},"fnMap":{},"branchMap":{"0":{"loc":{"start":{"line":7,"column":0},"end":{"line":11,"column":1}},"type":"if","locations":[{"start":{"line":7,"column":0},"end":{"line":11,"column":1}},{"start":{"line":9,"column":7},"end":{"line":11,"column":1}}],"line":7}},"s":{"0":1,"1":1,"2":1,"3":0,"4":1,"5":1,"6":1},"f":{},"b":{"0":[1,0]},"_coverageSchema":"1a1c01bbd47fc00a2c39e90264f33305004495a9","hash":"3294f523b09e3bd6319147984d597d943db9792b"}
,"/home/tkdgolden/springboard/node-fundamentals/express-biztime/expressError.js": {"path":"/home/tkdgolden/springboard/node-fundamentals/express-biztime/expressError.js","statementMap":{"0":{"start":{"line":9,"column":4},"end":{"line":9,"column":12}},"1":{"start":{"line":10,"column":4},"end":{"line":10,"column":27}},"2":{"start":{"line":11,"column":4},"end":{"line":11,"column":25}},"3":{"start":{"line":12,"column":4},"end":{"line":12,"column":30}},"4":{"start":{"line":17,"column":0},"end":{"line":17,"column":30}}},"fnMap":{"0":{"name":"(anonymous_0)","decl":{"start":{"line":8,"column":2},"end":{"line":8,"column":3}},"loc":{"start":{"line":8,"column":31},"end":{"line":13,"column":3}},"line":8}},"branchMap":{},"s":{"0":6,"1":6,"2":6,"3":6,"4":1},"f":{"0":6},"b":{},"_coverageSchema":"1a1c01bbd47fc00a2c39e90264f33305004495a9","hash":"364e4c16d56e2774c9ca6309733653334a1e5aff"}
,"/home/tkdgolden/springboard/node-fundamentals/express-biztime/routes/companies.js": {"path":"/home/tkdgolden/springboard/node-fundamentals/express-biztime/routes/companies.js","statementMap":{"0":{"start":{"line":1,"column":16},"end":{"line":1,"column":34}},"1":{"start":{"line":2,"column":15},"end":{"line":2,"column":35}},"2":{"start":{"line":3,"column":21},"end":{"line":3,"column":47}},"3":{"start":{"line":4,"column":11},"end":{"line":4,"column":30}},"4":{"start":{"line":6,"column":0},"end":{"line":14,"column":2}},"5":{"start":{"line":7,"column":4},"end":{"line":13,"column":5}},"6":{"start":{"line":8,"column":24},"end":{"line":8,"column":65}},"7":{"start":{"line":9,"column":8},"end":{"line":9,"column":53}},"8":{"start":{"line":12,"column":8},"end":{"line":12,"column":25}},"9":{"start":{"line":16,"column":0},"end":{"line":31,"column":2}},"10":{"start":{"line":17,"column":4},"end":{"line":30,"column":5}},"11":{"start":{"line":18,"column":24},"end":{"line":18,"column":100}},"12":{"start":{"line":19,"column":8},"end":{"line":22,"column":9}},"13":{"start":{"line":20,"column":24},"end":{"line":20,"column":66}},"14":{"start":{"line":21,"column":12},"end":{"line":21,"column":29}},"15":{"start":{"line":23,"column":25},"end":{"line":23,"column":105}},"16":{"start":{"line":24,"column":8},"end":{"line":24,"column":52}},"17":{"start":{"line":26,"column":8},"end":{"line":26,"column":54}},"18":{"start":{"line":29,"column":8},"end":{"line":29,"column":25}},"19":{"start":{"line":33,"column":0},"end":{"line":46,"column":2}},"20":{"start":{"line":34,"column":4},"end":{"line":37,"column":5}},"21":{"start":{"line":35,"column":20},"end":{"line":35,"column":85}},"22":{"start":{"line":36,"column":8},"end":{"line":36,"column":25}},"23":{"start":{"line":38,"column":4},"end":{"line":45,"column":5}},"24":{"start":{"line":39,"column":44},"end":{"line":39,"column":52}},"25":{"start":{"line":40,"column":24},"end":{"line":40,"column":170}},"26":{"start":{"line":41,"column":8},"end":{"line":41,"column":66}},"27":{"start":{"line":44,"column":8},"end":{"line":44,"column":25}},"28":{"start":{"line":48,"column":0},"end":{"line":66,"column":2}},"29":{"start":{"line":49,"column":4},"end":{"line":52,"column":5}},"30":{"start":{"line":50,"column":20},"end":{"line":50,"column":78}},"31":{"start":{"line":51,"column":8},"end":{"line":51,"column":25}},"32":{"start":{"line":53,"column":4},"end":{"line":65,"column":5}},"33":{"start":{"line":54,"column":21},"end":{"line":54,"column":36}},"34":{"start":{"line":55,"column":38},"end":{"line":55,"column":46}},"35":{"start":{"line":56,"column":24},"end":{"line":56,"column":167}},"36":{"start":{"line":57,"column":8},"end":{"line":60,"column":9}},"37":{"start":{"line":58,"column":24},"end":{"line":58,"column":66}},"38":{"start":{"line":59,"column":12},"end":{"line":59,"column":29}},"39":{"start":{"line":61,"column":8},"end":{"line":61,"column":54}},"40":{"start":{"line":64,"column":8},"end":{"line":64,"column":25}},"41":{"start":{"line":68,"column":0},"end":{"line":80,"column":2}},"42":{"start":{"line":69,"column":4},"end":{"line":79,"column":5}},"43":{"start":{"line":70,"column":23},"end":{"line":70,"column":112}},"44":{"start":{"line":71,"column":8},"end":{"line":74,"column":9}},"45":{"start":{"line":72,"column":24},"end":{"line":72,"column":66}},"46":{"start":{"line":73,"column":12},"end":{"line":73,"column":29}},"47":{"start":{"line":75,"column":8},"end":{"line":75,"column":46}},"48":{"start":{"line":78,"column":8},"end":{"line":78,"column":25}},"49":{"start":{"line":82,"column":0},"end":{"line":82,"column":24}}},"fnMap":{"0":{"name":"(anonymous_0)","decl":{"start":{"line":6,"column":16},"end":{"line":6,"column":17}},"loc":{"start":{"line":6,"column":48},"end":{"line":14,"column":1}},"line":6},"1":{"name":"(anonymous_1)","decl":{"start":{"line":16,"column":21},"end":{"line":16,"column":22}},"loc":{"start":{"line":16,"column":53},"end":{"line":31,"column":1}},"line":16},"2":{"name":"(anonymous_2)","decl":{"start":{"line":33,"column":17},"end":{"line":33,"column":18}},"loc":{"start":{"line":33,"column":49},"end":{"line":46,"column":1}},"line":33},"3":{"name":"(anonymous_3)","decl":{"start":{"line":48,"column":21},"end":{"line":48,"column":22}},"loc":{"start":{"line":48,"column":53},"end":{"line":66,"column":1}},"line":48},"4":{"name":"(anonymous_4)","decl":{"start":{"line":68,"column":24},"end":{"line":68,"column":25}},"loc":{"start":{"line":68,"column":56},"end":{"line":80,"column":1}},"line":68}},"branchMap":{"0":{"loc":{"start":{"line":19,"column":8},"end":{"line":22,"column":9}},"type":"if","locations":[{"start":{"line":19,"column":8},"end":{"line":22,"column":9}},{"start":{},"end":{}}],"line":19},"1":{"loc":{"start":{"line":34,"column":4},"end":{"line":37,"column":5}},"type":"if","locations":[{"start":{"line":34,"column":4},"end":{"line":37,"column":5}},{"start":{},"end":{}}],"line":34},"2":{"loc":{"start":{"line":34,"column":8},"end":{"line":34,"column":65}},"type":"binary-expr","locations":[{"start":{"line":34,"column":8},"end":{"line":34,"column":22}},{"start":{"line":34,"column":26},"end":{"line":34,"column":47}},{"start":{"line":34,"column":51},"end":{"line":34,"column":65}}],"line":34},"3":{"loc":{"start":{"line":49,"column":4},"end":{"line":52,"column":5}},"type":"if","locations":[{"start":{"line":49,"column":4},"end":{"line":52,"column":5}},{"start":{},"end":{}}],"line":49},"4":{"loc":{"start":{"line":49,"column":8},"end":{"line":49,"column":47}},"type":"binary-expr","locations":[{"start":{"line":49,"column":8},"end":{"line":49,"column":22}},{"start":{"line":49,"column":26},"end":{"line":49,"column":47}}],"line":49},"5":{"loc":{"start":{"line":57,"column":8},"end":{"line":60,"column":9}},"type":"if","locations":[{"start":{"line":57,"column":8},"end":{"line":60,"column":9}},{"start":{},"end":{}}],"line":57},"6":{"loc":{"start":{"line":71,"column":8},"end":{"line":74,"column":9}},"type":"if","locations":[{"start":{"line":71,"column":8},"end":{"line":74,"column":9}},{"start":{},"end":{}}],"line":71}},"s":{"0":1,"1":1,"2":1,"3":1,"4":1,"5":1,"6":1,"7":1,"8":0,"9":1,"10":2,"11":2,"12":2,"13":1,"14":1,"15":1,"16":1,"17":1,"18":0,"19":1,"20":4,"21":3,"22":3,"23":1,"24":1,"25":1,"26":1,"27":0,"28":1,"29":4,"30":0,"31":0,"32":4,"33":4,"34":4,"35":4,"36":4,"37":1,"38":1,"39":3,"40":0,"41":1,"42":2,"43":2,"44":2,"45":1,"46":1,"47":1,"48":0,"49":1},"f":{"0":1,"1":2,"2":4,"3":4,"4":2},"b":{"0":[1,1],"1":[3,1],"2":[4,3,2],"3":[0,4],"4":[4,4],"5":[1,3],"6":[1,1]},"_coverageSchema":"1a1c01bbd47fc00a2c39e90264f33305004495a9","hash":"b6d03c61827af2031e390575fd993e93d57fb544"}
,"/home/tkdgolden/springboard/node-fundamentals/express-biztime/routes/invoices.js": {"path":"/home/tkdgolden/springboard/node-fundamentals/express-biztime/routes/invoices.js","statementMap":{"0":{"start":{"line":1,"column":16},"end":{"line":1,"column":34}},"1":{"start":{"line":2,"column":15},"end":{"line":2,"column":35}},"2":{"start":{"line":3,"column":21},"end":{"line":3,"column":47}},"3":{"start":{"line":4,"column":11},"end":{"line":4,"column":30}},"4":{"start":{"line":6,"column":0},"end":{"line":14,"column":2}},"5":{"start":{"line":7,"column":4},"end":{"line":13,"column":5}},"6":{"start":{"line":8,"column":24},"end":{"line":8,"column":64}},"7":{"start":{"line":9,"column":8},"end":{"line":9,"column":52}},"8":{"start":{"line":12,"column":8},"end":{"line":12,"column":25}},"9":{"start":{"line":16,"column":0},"end":{"line":28,"column":2}},"10":{"start":{"line":17,"column":4},"end":{"line":27,"column":5}},"11":{"start":{"line":18,"column":24},"end":{"line":18,"column":95}},"12":{"start":{"line":19,"column":8},"end":{"line":22,"column":9}},"13":{"start":{"line":20,"column":24},"end":{"line":20,"column":66}},"14":{"start":{"line":21,"column":12},"end":{"line":21,"column":29}},"15":{"start":{"line":23,"column":8},"end":{"line":23,"column":54}},"16":{"start":{"line":26,"column":8},"end":{"line":26,"column":25}},"17":{"start":{"line":30,"column":0},"end":{"line":43,"column":2}},"18":{"start":{"line":31,"column":4},"end":{"line":34,"column":5}},"19":{"start":{"line":32,"column":20},"end":{"line":32,"column":81}},"20":{"start":{"line":33,"column":8},"end":{"line":33,"column":25}},"21":{"start":{"line":35,"column":4},"end":{"line":42,"column":5}},"22":{"start":{"line":36,"column":35},"end":{"line":36,"column":43}},"23":{"start":{"line":37,"column":24},"end":{"line":37,"column":169}},"24":{"start":{"line":38,"column":8},"end":{"line":38,"column":54}},"25":{"start":{"line":41,"column":8},"end":{"line":41,"column":25}},"26":{"start":{"line":45,"column":0},"end":{"line":63,"column":2}},"27":{"start":{"line":46,"column":4},"end":{"line":49,"column":5}},"28":{"start":{"line":47,"column":20},"end":{"line":47,"column":61}},"29":{"start":{"line":48,"column":8},"end":{"line":48,"column":25}},"30":{"start":{"line":50,"column":4},"end":{"line":62,"column":5}},"31":{"start":{"line":51,"column":19},"end":{"line":51,"column":32}},"32":{"start":{"line":52,"column":24},"end":{"line":52,"column":32}},"33":{"start":{"line":53,"column":24},"end":{"line":53,"column":151}},"34":{"start":{"line":54,"column":8},"end":{"line":57,"column":9}},"35":{"start":{"line":55,"column":24},"end":{"line":55,"column":66}},"36":{"start":{"line":56,"column":12},"end":{"line":56,"column":29}},"37":{"start":{"line":58,"column":8},"end":{"line":58,"column":54}},"38":{"start":{"line":61,"column":8},"end":{"line":61,"column":25}},"39":{"start":{"line":65,"column":0},"end":{"line":73,"column":2}},"40":{"start":{"line":66,"column":4},"end":{"line":72,"column":5}},"41":{"start":{"line":67,"column":8},"end":{"line":67,"column":78}},"42":{"start":{"line":68,"column":8},"end":{"line":68,"column":46}},"43":{"start":{"line":71,"column":8},"end":{"line":71,"column":25}},"44":{"start":{"line":75,"column":0},"end":{"line":75,"column":24}}},"fnMap":{"0":{"name":"(anonymous_0)","decl":{"start":{"line":6,"column":16},"end":{"line":6,"column":17}},"loc":{"start":{"line":6,"column":48},"end":{"line":14,"column":1}},"line":6},"1":{"name":"(anonymous_1)","decl":{"start":{"line":16,"column":19},"end":{"line":16,"column":20}},"loc":{"start":{"line":16,"column":51},"end":{"line":28,"column":1}},"line":16},"2":{"name":"(anonymous_2)","decl":{"start":{"line":30,"column":17},"end":{"line":30,"column":18}},"loc":{"start":{"line":30,"column":49},"end":{"line":43,"column":1}},"line":30},"3":{"name":"(anonymous_3)","decl":{"start":{"line":45,"column":19},"end":{"line":45,"column":20}},"loc":{"start":{"line":45,"column":51},"end":{"line":63,"column":1}},"line":45},"4":{"name":"(anonymous_4)","decl":{"start":{"line":65,"column":22},"end":{"line":65,"column":23}},"loc":{"start":{"line":65,"column":54},"end":{"line":73,"column":1}},"line":65}},"branchMap":{"0":{"loc":{"start":{"line":19,"column":8},"end":{"line":22,"column":9}},"type":"if","locations":[{"start":{"line":19,"column":8},"end":{"line":22,"column":9}},{"start":{},"end":{}}],"line":19},"1":{"loc":{"start":{"line":31,"column":4},"end":{"line":34,"column":5}},"type":"if","locations":[{"start":{"line":31,"column":4},"end":{"line":34,"column":5}},{"start":{},"end":{}}],"line":31},"2":{"loc":{"start":{"line":31,"column":8},"end":{"line":31,"column":44}},"type":"binary-expr","locations":[{"start":{"line":31,"column":8},"end":{"line":31,"column":27}},{"start":{"line":31,"column":31},"end":{"line":31,"column":44}}],"line":31},"3":{"loc":{"start":{"line":46,"column":4},"end":{"line":49,"column":5}},"type":"if","locations":[{"start":{"line":46,"column":4},"end":{"line":49,"column":5}},{"start":{},"end":{}}],"line":46},"4":{"loc":{"start":{"line":54,"column":8},"end":{"line":57,"column":9}},"type":"if","locations":[{"start":{"line":54,"column":8},"end":{"line":57,"column":9}},{"start":{},"end":{}}],"line":54}},"s":{"0":1,"1":1,"2":1,"3":1,"4":1,"5":0,"6":0,"7":0,"8":0,"9":1,"10":0,"11":0,"12":0,"13":0,"14":0,"15":0,"16":0,"17":1,"18":0,"19":0,"20":0,"21":0,"22":0,"23":0,"24":0,"25":0,"26":1,"27":0,"28":0,"29":0,"30":0,"31":0,"32":0,"33":0,"34":0,"35":0,"36":0,"37":0,"38":0,"39":1,"40":0,"41":0,"42":0,"43":0,"44":1},"f":{"0":0,"1":0,"2":0,"3":0,"4":0},"b":{"0":[0,0],"1":[0,0],"2":[0,0],"3":[0,0],"4":[0,0]},"_coverageSchema":"1a1c01bbd47fc00a2c39e90264f33305004495a9","hash":"d78a3fa5cb5f1aa14054aa122f3a07a57a00a31c"}
}
