TN:
SF:app.js
FN:19,(anonymous_0)
FN:26,(anonymous_1)
FNF:2
FNH:1
FNDA:0,(anonymous_0)
FNDA:12,(anonymous_1)
DA:4,2
DA:6,2
DA:7,2
DA:8,2
DA:9,2
DA:11,2
DA:13,2
DA:14,2
DA:19,2
DA:20,0
DA:21,0
DA:26,2
DA:27,12
DA:29,12
DA:36,2
LF:15
LH:13
BRDA:27,0,0,12
BRDA:27,0,1,0
BRF:2
BRH:1
end_of_record
TN:
SF:db.js
FNF:0
FNH:0
DA:3,2
DA:7,2
DA:8,2
DA:10,0
DA:13,2
DA:17,2
DA:19,2
LF:7
LH:6
BRDA:7,0,0,2
BRDA:7,0,1,0
BRF:2
BRH:1
end_of_record
TN:
SF:expressError.js
FN:8,(anonymous_0)
FNF:1
FNH:1
FNDA:12,(anonymous_0)
DA:9,12
DA:10,12
DA:11,12
DA:12,12
DA:17,2
LF:5
LH:5
BRF:0
BRH:0
end_of_record
TN:
SF:routes/companies.js
FN:6,(anonymous_0)
FN:16,(anonymous_1)
FN:33,(anonymous_2)
FN:48,(anonymous_3)
FN:68,(anonymous_4)
FNF:5
FNH:5
FNDA:2,(anonymous_0)
FNDA:3,(anonymous_1)
FNDA:4,(anonymous_2)
FNDA:4,(anonymous_3)
FNDA:2,(anonymous_4)
DA:1,2
DA:2,2
DA:3,2
DA:4,2
DA:6,2
DA:7,2
DA:8,2
DA:9,2
DA:12,0
DA:16,2
DA:17,3
DA:18,3
DA:19,3
DA:20,2
DA:21,2
DA:23,1
DA:24,1
DA:26,1
DA:29,0
DA:33,2
DA:34,4
DA:35,3
DA:36,3
DA:38,1
DA:39,1
DA:40,1
DA:41,1
DA:44,0
DA:48,2
DA:49,4
DA:50,0
DA:51,0
DA:53,4
DA:54,4
DA:55,4
DA:56,4
DA:57,4
DA:58,1
DA:59,1
DA:61,3
DA:64,0
DA:68,2
DA:69,2
DA:70,2
DA:71,2
DA:72,1
DA:73,1
DA:75,1
DA:78,0
DA:82,2
LF:50
LH:43
BRDA:19,0,0,2
BRDA:19,0,1,1
BRDA:34,1,0,3
BRDA:34,1,1,1
BRDA:34,2,0,4
BRDA:34,2,1,3
BRDA:34,2,2,2
BRDA:49,3,0,0
BRDA:49,3,1,4
BRDA:49,4,0,4
BRDA:49,4,1,4
BRDA:57,5,0,1
BRDA:57,5,1,3
BRDA:71,6,0,1
BRDA:71,6,1,1
BRF:15
BRH:14
end_of_record
TN:
SF:routes/invoices.js
FN:6,(anonymous_0)
FN:16,(anonymous_1)
FN:30,(anonymous_2)
FN:45,(anonymous_3)
FN:66,(anonymous_4)
FNF:5
FNH:5
FNDA:2,(anonymous_0)
FNDA:1,(anonymous_1)
FNDA:3,(anonymous_2)
FNDA:3,(anonymous_3)
FNDA:2,(anonymous_4)
DA:1,2
DA:2,2
DA:3,2
DA:4,2
DA:6,2
DA:7,2
DA:8,2
DA:9,2
DA:12,0
DA:16,2
DA:17,1
DA:18,1
DA:19,1
DA:20,0
DA:21,0
DA:23,1
DA:26,0
DA:30,2
DA:31,3
DA:32,2
DA:33,2
DA:35,1
DA:36,1
DA:37,1
DA:38,1
DA:41,0
DA:45,2
DA:46,3
DA:47,1
DA:48,1
DA:49,1
DA:51,2
DA:52,2
DA:53,2
DA:54,2
DA:55,2
DA:56,1
DA:57,1
DA:59,1
DA:62,0
DA:66,2
DA:67,2
DA:68,2
DA:69,2
DA:70,1
DA:71,1
DA:73,1
DA:76,0
DA:80,2
LF:49
LH:42
BRDA:19,0,0,0
BRDA:19,0,1,1
BRDA:31,1,0,2
BRDA:31,1,1,1
BRDA:31,2,0,3
BRDA:31,2,1,2
BRDA:46,3,0,1
BRDA:46,3,1,2
BRDA:55,4,0,1
BRDA:55,4,1,1
BRDA:69,5,0,1
BRDA:69,5,1,1
BRF:12
BRH:11
end_of_record
